0	1	mikroCPIC1618.exe -MSF -DBG -pP18F4550 -DL -O11111114 -fo20 -N"C:\Users\JONATHAN\Desktop\ICCP upgrade\Up3\ICCP 3.mcppi" -SP"C:\Program Files (x86)\Mikroeletronika\mikroC PRO for PIC\Defs\" -SP"C:\Program Files (x86)\Mikroeletronika\mikroC PRO for PIC\uses\P18\" -SP"C:\Users\JONATHAN\Desktop\ICCP upgrade\Up3\" -SP"C:\Users\JONATHAN\Desktop\ICCP upgrade\Up3\USB\" -IP"C:\Users\JONATHAN\Desktop\ICCP upgrade\Up3\" "ICCP 3.c" "USBdsc.c" "Interrupts.c" "Initializer.c" "RS_485.c" "RTC.c" "Lcd_I2C_Lib.c" "__Lib_Math.mcl" "__Lib_MathDouble.mcl" "__Lib_System.mcl" "__Lib_Delays.mcl" "__Lib_Keypad4x4.mcl" "__Lib_ADC_A_D.mcl" "__Lib_I2C_b10.mcl" "__Lib_UART_c67.mcl" "__Lib_USB_genHID.mcl" "__Lib_LcdConsts.mcl" "__Lib_RS485.mcl"	 
hint: 0	1139	Available RAM: 2027 [bytes], Available ROM: 32768 [bytes]	 
diagnostics: 0	122	Compilation Started	interrupts.h
hint: 12	1163	Variable 'kp' has been declared, but not used	ICCP 3.c
diagnostics: 32	123	Compiled Successfully	ICCP 3.c
diagnostics: 0	122	Compilation Started	USBdsc.c
diagnostics: 166	123	Compiled Successfully	USBdsc.c
diagnostics: 0	122	Compilation Started	rtc.h
diagnostics: 95	123	Compiled Successfully	Interrupts.c
diagnostics: 0	122	Compilation Started	initializer.h
diagnostics: 118	123	Compiled Successfully	Initializer.c
diagnostics: 0	122	Compilation Started	rs_485.h
warning: 11	1508	Implicit conversion of int to ptr	RS_485.c
warning: 22	1506	Implicit conversion of pointer to int	RS_485.c
warning: 29	1506	Implicit conversion of pointer to int	RS_485.c
warning: 36	1506	Implicit conversion of pointer to int	RS_485.c
warning: 43	1506	Implicit conversion of pointer to int	RS_485.c
warning: 50	1506	Implicit conversion of pointer to int	RS_485.c
warning: 57	1506	Implicit conversion of pointer to int	RS_485.c
warning: 64	1506	Implicit conversion of pointer to int	RS_485.c
warning: 71	1506	Implicit conversion of pointer to int	RS_485.c
diagnostics: 80	123	Compiled Successfully	RS_485.c
diagnostics: 0	122	Compilation Started	rtc.h
diagnostics: 86	123	Compiled Successfully	RTC.c
diagnostics: 0	122	Compilation Started	Lcd_I2C_Lib.c
hint: 181	1163	Variable 'byte' has been declared, but not used	Lcd_I2C_Lib.c
diagnostics: 211	123	Compiled Successfully	Lcd_I2C_Lib.c
diagnostics: 0	127	All files Compiled in 282 ms	 
hint: 0	1144	Used RAM (bytes): 204 (10%)  Free RAM (bytes): 1823 (90%)	Used RAM (bytes): 204 (10%)  Free RAM (bytes): 1823 (90%)
hint: 0	1144	Used ROM (bytes): 8036 (25%)  Free ROM (bytes): 24732 (75%)	Used ROM (bytes): 8036 (25%)  Free ROM (bytes): 24732 (75%)
diagnostics: 0	125	Project Linked Successfully	ICCP 3.mcppi
diagnostics: 0	128	Linked in 78 ms	 
diagnostics: 0	129	Project 'ICCP 3.mcppi' completed: 391 ms	 
diagnostics: 0	103	Finished successfully: 13 Sep 2016, 20:55:51	ICCP 3.mcppi
